[debug] [2022-12-11T20:44:12.609Z] ----------------------------------------------------------------------
[debug] [2022-12-11T20:44:12.611Z] Command:       C:\Users\DELLPR~1\DOWNLO~1\firebase-tools-instant-win.exe C:\Users\DELL Precision\.cache\firebase\tools\lib\node_modules\firebase-tools\lib\bin\firebase init storage
[debug] [2022-12-11T20:44:12.611Z] CLI Version:   11.17.0
[debug] [2022-12-11T20:44:12.611Z] Platform:      win32
[debug] [2022-12-11T20:44:12.611Z] Node Version:  v16.16.0
[debug] [2022-12-11T20:44:12.612Z] Time:          Sun Dec 11 2022 20:44:12 GMT+0000 (GMT)
[debug] [2022-12-11T20:44:12.612Z] ----------------------------------------------------------------------
[debug] 
[debug] [2022-12-11T20:44:12.619Z] > command requires scopes: ["email","openid","https://www.googleapis.com/auth/cloudplatformprojects.readonly","https://www.googleapis.com/auth/firebase","https://www.googleapis.com/auth/cloud-platform"]
[debug] [2022-12-11T20:44:12.619Z] > authorizing via signed-in user (lass3201@gmail.com)
[info] 
     ######## #### ########  ######## ########     ###     ######  ########
     ##        ##  ##     ## ##       ##     ##  ##   ##  ##       ##
     ######    ##  ########  ######   ########  #########  ######  ######
     ##        ##  ##    ##  ##       ##     ## ##     ##       ## ##
     ##       #### ##     ## ######## ########  ##     ##  ######  ########

You're about to initialize a Firebase project in this directory:

  C:\PorjetFinDannee\projetFinAnnee\senautoapp

Before we get started, keep in mind:

  * You are currently outside your home directory

[info] 
=== Project Setup
[info] 
[info] First, let's associate this project directory with a Firebase project.
[info] You can create multiple project aliases by running firebase use --add, 
[info] but for now we'll just set up a default project.
[info] 
